ATE/ATE/build/outputs/logs/manifest-merger-debug-report.txt
-- Merging decision tree log ---
manifest
ADDED from src/main/AndroidManifest.xml:2:1-128:12
	xmlns:android
		ADDED from src/main/AndroidManifest.xml:2:11-69
	package
		ADDED from src/main/AndroidManifest.xml:3:5-34
		INJECTED from src/main/AndroidManifest.xml
		INJECTED from src/main/AndroidManifest.xml
	android:versionName
		ADDED from src/main/AndroidManifest.xml:4:7-35
	android:versionCode
		ADDED from src/main/AndroidManifest.xml:5:7-31
		INJECTED from src/main/AndroidManifest.xml
		INJECTED from src/main/AndroidManifest.xml
	android:installLocation
		ADDED from src/main/AndroidManifest.xml:6:7-37
uses-sdk
ADDED from src/main/AndroidManifest.xml:7:5-73
MERGED from [ATE:emulatorview:unspecified] AndroidManifest.xml:7:5-9:41
	android:targetSdkVersion
		ADDED from src/main/AndroidManifest.xml:7:41-70
		INJECTED from src/main/AndroidManifest.xml
		INJECTED from src/main/AndroidManifest.xml
	android:minSdkVersion
		ADDED from src/main/AndroidManifest.xml:7:15-40
		INJECTED from src/main/AndroidManifest.xml
		INJECTED from src/main/AndroidManifest.xml
uses-feature#android.hardware.touchscreen
ADDED from src/main/AndroidManifest.xml:8:5-90
	android:required
		ADDED from src/main/AndroidManifest.xml:8:63-87
	android:name
		ADDED from src/main/AndroidManifest.xml:8:19-62
uses-permission#android.permission.INTERNET
ADDED from src/main/AndroidManifest.xml:9:5-67
	android:name
		ADDED from src/main/AndroidManifest.xml:9:22-64
uses-permission#android.permission.READ_EXTERNAL_STORAGE
ADDED from src/main/AndroidManifest.xml:10:5-80
	android:name
		ADDED from src/main/AndroidManifest.xml:10:22-77
uses-permission#android.permission.WRITE_EXTERNAL_STORAGE
ADDED from src/main/AndroidManifest.xml:11:5-81
	android:name
		ADDED from src/main/AndroidManifest.xml:11:22-78
uses-permission#android.permission.ACCESS_SUPERUSER
ADDED from src/main/AndroidManifest.xml:12:5-75
	android:name
		ADDED from src/main/AndroidManifest.xml:12:22-72
uses-permission#android.permission.WAKE_LOCK
ADDED from src/main/AndroidManifest.xml:13:5-68
	android:name
		ADDED from src/main/AndroidManifest.xml:13:22-65
permission#jackpal.androidterm.permission.RUN_SCRIPT
ADDED from src/main/AndroidManifest.xml:14:5-18:55
	android:label
		ADDED from src/main/AndroidManifest.xml:15:17-56
	android:protectionLevel
		ADDED from src/main/AndroidManifest.xml:18:17-52
	android:description
		ADDED from src/main/AndroidManifest.xml:16:17-66
	android:permissionGroup
		ADDED from src/main/AndroidManifest.xml:17:17-80
	android:name
		ADDED from src/main/AndroidManifest.xml:14:17-73
permission#jackpal.androidterm.permission.APPEND_TO_PATH
ADDED from src/main/AndroidManifest.xml:19:5-23:55
	android:label
		ADDED from src/main/AndroidManifest.xml:20:17-60
	android:protectionLevel
		ADDED from src/main/AndroidManifest.xml:23:17-52
	android:description
		ADDED from src/main/AndroidManifest.xml:21:17-70
	android:permissionGroup
		ADDED from src/main/AndroidManifest.xml:22:17-80
	android:name
		ADDED from src/main/AndroidManifest.xml:19:17-77
permission#jackpal.androidterm.permission.PREPEND_TO_PATH
ADDED from src/main/AndroidManifest.xml:24:5-28:55
	android:label
		ADDED from src/main/AndroidManifest.xml:25:17-61
	android:protectionLevel
		ADDED from src/main/AndroidManifest.xml:28:17-52
	android:description
		ADDED from src/main/AndroidManifest.xml:26:17-71
	android:permissionGroup
		ADDED from src/main/AndroidManifest.xml:27:17-80
	android:name
		ADDED from src/main/AndroidManifest.xml:24:17-78
application
ADDED from src/main/AndroidManifest.xml:29:5-127:19
	android:label
		ADDED from src/main/AndroidManifest.xml:30:17-61
	android:icon
		ADDED from src/main/AndroidManifest.xml:29:18-54
	android:hardwareAccelerated
		ADDED from src/main/AndroidManifest.xml:31:17-51
activity#jackpal.androidterm.Term
ADDED from src/main/AndroidManifest.xml:32:9-42:20
	android:windowSoftInputMode
		ADDED from src/main/AndroidManifest.xml:36:17-78
	android:configChanges
		ADDED from src/main/AndroidManifest.xml:35:17-76
	android:theme
		ADDED from src/main/AndroidManifest.xml:33:17-45
	android:name
		ADDED from src/main/AndroidManifest.xml:32:19-38
	android:launchMode
		ADDED from src/main/AndroidManifest.xml:34:17-48
intent-filter#android.intent.action.MAIN+android.intent.category.LAUNCHER+android.intent.category.MULTIWINDOW_LAUNCHER
ADDED from src/main/AndroidManifest.xml:37:13-41:29
action#android.intent.action.MAIN
ADDED from src/main/AndroidManifest.xml:38:17-69
	android:name
		ADDED from src/main/AndroidManifest.xml:38:25-66
category#android.intent.category.LAUNCHER
ADDED from src/main/AndroidManifest.xml:39:17-77
	android:name
		ADDED from src/main/AndroidManifest.xml:39:27-74
category#android.intent.category.MULTIWINDOW_LAUNCHER
ADDED from src/main/AndroidManifest.xml:40:17-89
	android:name
		ADDED from src/main/AndroidManifest.xml:40:27-86
activity-alias#jackpal.androidterm.TermInternal
ADDED from src/main/AndroidManifest.xml:43:9-54:26
	android:exported
		ADDED from src/main/AndroidManifest.xml:45:17-41
	android:targetActivity
		ADDED from src/main/AndroidManifest.xml:44:17-46
	android:name
		ADDED from src/main/AndroidManifest.xml:43:25-52
intent-filter#android.intent.category.DEFAULT+jackpal.androidterm.private.OPEN_NEW_WINDOW
ADDED from src/main/AndroidManifest.xml:46:13-49:29
action#jackpal.androidterm.private.OPEN_NEW_WINDOW
ADDED from src/main/AndroidManifest.xml:47:17-86
	android:name
		ADDED from src/main/AndroidManifest.xml:47:25-83
category#android.intent.category.DEFAULT
ADDED from src/main/AndroidManifest.xml:48:17-76
	android:name
		ADDED from src/main/AndroidManifest.xml:48:27-73
intent-filter#android.intent.category.DEFAULT+jackpal.androidterm.private.SWITCH_WINDOW
ADDED from src/main/AndroidManifest.xml:50:13-53:29
action#jackpal.androidterm.private.SWITCH_WINDOW
ADDED from src/main/AndroidManifest.xml:51:17-84
	android:name
		ADDED from src/main/AndroidManifest.xml:51:25-81
activity#jackpal.androidterm.RemoteInterface
ADDED from src/main/AndroidManifest.xml:55:9-61:20
	android:excludeFromRecents
		ADDED from src/main/AndroidManifest.xml:56:17-50
	android:name
		ADDED from src/main/AndroidManifest.xml:55:19-49
intent-filter#android.intent.category.DEFAULT+jackpal.androidterm.OPEN_NEW_WINDOW
ADDED from src/main/AndroidManifest.xml:57:13-60:29
action#jackpal.androidterm.OPEN_NEW_WINDOW
ADDED from src/main/AndroidManifest.xml:58:17-78
	android:name
		ADDED from src/main/AndroidManifest.xml:58:25-75
activity-alias#jackpal.androidterm.TermHere
ADDED from src/main/AndroidManifest.xml:62:9-73:26
	android:label
		ADDED from src/main/AndroidManifest.xml:64:17-65
	android:exported
		ADDED from src/main/AndroidManifest.xml:66:17-40
	android:targetActivity
		ADDED from src/main/AndroidManifest.xml:65:17-57
	android:name
		ADDED from src/main/AndroidManifest.xml:63:17-40
intent-filter#android.intent.action.SEND+android.intent.category.DEFAULT
ADDED from src/main/AndroidManifest.xml:68:13-72:29
action#android.intent.action.SEND
ADDED from src/main/AndroidManifest.xml:69:17-69
	android:name
		ADDED from src/main/AndroidManifest.xml:69:25-66
data
ADDED from src/main/AndroidManifest.xml:70:17-48
	android:mimeType
		ADDED from src/main/AndroidManifest.xml:70:23-45
activity-alias#jackpal.androidterm.RunScript
ADDED from src/main/AndroidManifest.xml:74:9-81:26
	android:permission
		ADDED from src/main/AndroidManifest.xml:76:17-79
	android:targetActivity
		ADDED from src/main/AndroidManifest.xml:75:17-57
	android:name
		ADDED from src/main/AndroidManifest.xml:74:25-49
intent-filter#android.intent.category.DEFAULT+jackpal.androidterm.RUN_SCRIPT
ADDED from src/main/AndroidManifest.xml:77:13-80:29
action#jackpal.androidterm.RUN_SCRIPT
ADDED from src/main/AndroidManifest.xml:78:17-73
	android:name
		ADDED from src/main/AndroidManifest.xml:78:25-70
activity#jackpal.androidterm.TermPreferences
ADDED from src/main/AndroidManifest.xml:82:9-83:54
	android:label
		ADDED from src/main/AndroidManifest.xml:83:17-52
	android:name
		ADDED from src/main/AndroidManifest.xml:82:19-49
activity#jackpal.androidterm.WindowList
ADDED from src/main/AndroidManifest.xml:84:9-85:55
	android:label
		ADDED from src/main/AndroidManifest.xml:85:17-52
	android:name
		ADDED from src/main/AndroidManifest.xml:84:19-44
service#jackpal.androidterm.TermService
ADDED from src/main/AndroidManifest.xml:86:9-47
	android:name
		ADDED from src/main/AndroidManifest.xml:86:18-44
activity#jackpal.androidterm.shortcuts.AddShortcut
ADDED from src/main/AndroidManifest.xml:87:5-104:16
	android:label
		ADDED from src/main/AndroidManifest.xml:88:7-55
	android:configChanges
		ADDED from src/main/AndroidManifest.xml:92:7-66
	android:theme
		ADDED from src/main/AndroidManifest.xml:91:7-66
	android:name
		ADDED from src/main/AndroidManifest.xml:89:7-63
	android:launchMode
		ADDED from src/main/AndroidManifest.xml:90:7-37
intent-filter#android.intent.action.MAIN
ADDED from src/main/AndroidManifest.xml:94:7-96:23
intent-filter#android.intent.action.CREATE_SHORTCUT
ADDED from src/main/AndroidManifest.xml:97:7-99:23
action#android.intent.action.CREATE_SHORTCUT
ADDED from src/main/AndroidManifest.xml:98:9-72
	android:name
		ADDED from src/main/AndroidManifest.xml:98:17-69
intent-filter#android.intent.category.DEFAULT
ADDED from src/main/AndroidManifest.xml:100:7-103:23
activity#jackpal.androidterm.shortcuts.FSNavigator
ADDED from src/main/AndroidManifest.xml:105:5-122:16
	android:label
		ADDED from src/main/AndroidManifest.xml:107:7-62
	android:configChanges
		ADDED from src/main/AndroidManifest.xml:109:7-57
	android:exported
		ADDED from src/main/AndroidManifest.xml:110:7-30
	android:name
		ADDED from src/main/AndroidManifest.xml:106:7-63
	android:launchMode
		ADDED from src/main/AndroidManifest.xml:108:7-37
intent-filter#android.intent.action.PICK+android.intent.category.DEFAULT
ADDED from src/main/AndroidManifest.xml:112:7-115:23
action#android.intent.action.PICK
ADDED from src/main/AndroidManifest.xml:113:9-61
	android:name
		ADDED from src/main/AndroidManifest.xml:113:17-58
intent-filter#android.intent.action.GET_CONTENT+android.intent.category.DEFAULT+android.intent.category.OPENABLE
ADDED from src/main/AndroidManifest.xml:116:7-121:23
action#android.intent.action.GET_CONTENT
ADDED from src/main/AndroidManifest.xml:117:9-68
	android:name
		ADDED from src/main/AndroidManifest.xml:117:17-65
category#android.intent.category.OPENABLE
ADDED from src/main/AndroidManifest.xml:119:9-68
	android:name
		ADDED from src/main/AndroidManifest.xml:119:19-66
meta-data#com.sec.android.support.multiwindow
ADDED from src/main/AndroidManifest.xml:123:5-126:21
	android:name
		ADDED from src/main/AndroidManifest.xml:124:7-57
	android:value
		ADDED from src/main/AndroidManifest.xml:125:7-27